<?xml version="1.0" encoding="utf-8"?><testsuites name="pytest tests"><testsuite name="pytest" errors="0" failures="0" skipped="0" tests="47" time="14.546" timestamp="2026-06-07T08:15:15.789760+00:00" hostname="agent-env-ddbd7a1a-c084-4584-a932-028489f18257"><testcase classname="backend.tests.test_dompetku_backend.TestHealth" name="test_root_api" time="0.253" /><testcase classname="backend.tests.test_dompetku_backend.TestRegister" name="test_register_success" time="0.667" /><testcase classname="backend.tests.test_dompetku_backend.TestRegister" name="test_register_duplicate_username" time="0.055" /><testcase classname="backend.tests.test_dompetku_backend.TestRegister" name="test_register_duplicate_email" time="0.045" /><testcase classname="backend.tests.test_dompetku_backend.TestRegister" name="test_register_short_username" time="0.051" /><testcase classname="backend.tests.test_dompetku_backend.TestRegister" name="test_register_short_password" time="0.050" /><testcase classname="backend.tests.test_dompetku_backend.TestLogin" name="test_login_with_username" time="0.325" /><testcase classname="backend.tests.test_dompetku_backend.TestLogin" name="test_login_with_email" time="0.331" /><testcase classname="backend.tests.test_dompetku_backend.TestLogin" name="test_login_wrong_password" time="0.333" /><testcase classname="backend.tests.test_dompetku_backend.TestLogin" name="test_login_unknown_user" time="0.049" /><testcase classname="backend.tests.test_dompetku_backend.TestAuthMe" name="test_me_valid" time="0.050" /><testcase classname="backend.tests.test_dompetku_backend.TestAuthMe" name="test_me_no_token" time="0.046" /><testcase classname="backend.tests.test_dompetku_backend.TestAuthMe" name="test_me_invalid_token" time="0.047" /><testcase classname="backend.tests.test_dompetku_backend.TestData" name="test_get_initial_empty" time="0.049" /><testcase classname="backend.tests.test_dompetku_backend.TestData" name="test_put_then_get_roundtrip" time="0.111" /><testcase classname="backend.tests.test_dompetku_backend.TestData" name="test_data_isolation" time="0.048" /><testcase classname="backend.tests.test_dompetku_backend.TestData" name="test_data_requires_auth" time="0.096" /><testcase classname="backend.tests.test_dompetku_backend.TestEncryptionAtRest" name="test_users_file_is_not_plaintext_json" time="0.001" /><testcase classname="backend.tests.test_dompetku_backend.TestEncryptionAtRest" name="test_user_data_file_is_not_plaintext" time="0.001" /><testcase classname="backend.tests.test_iteration2_admin_refresh.TestAdminLogin" name="test_admin_login_is_admin_flag" time="0.402" /><testcase classname="backend.tests.test_iteration2_admin_refresh.TestAdminLogin" name="test_regular_user_is_not_admin" time="0.662" /><testcase classname="backend.tests.test_iteration2_admin_refresh.TestAdminUsersList" name="test_requires_auth" time="0.046" /><testcase classname="backend.tests.test_iteration2_admin_refresh.TestAdminUsersList" name="test_forbidden_for_regular_user" time="0.046" /><testcase classname="backend.tests.test_iteration2_admin_refresh.TestAdminUsersList" name="test_admin_list_users" time="0.047" /><testcase classname="backend.tests.test_iteration2_admin_refresh.TestAdminUsersList" name="test_admin_search_filter_username" time="0.051" /><testcase classname="backend.tests.test_iteration2_admin_refresh.TestAdminUsersList" name="test_admin_search_filter_email" time="0.058" /><testcase classname="backend.tests.test_iteration2_admin_refresh.TestAdminUsersList" name="test_admin_search_no_match" time="0.045" /><testcase classname="backend.tests.test_iteration2_admin_refresh.TestAdminChangePassword" name="test_admin_changes_user_password_and_user_can_login" time="0.988" /><testcase classname="backend.tests.test_iteration2_admin_refresh.TestAdminChangePassword" name="test_regular_user_cannot_change_password" time="0.047" /><testcase classname="backend.tests.test_iteration2_admin_refresh.TestAdminChangePassword" name="test_admin_cannot_change_own_password" time="0.422" /><testcase classname="backend.tests.test_iteration2_admin_refresh.TestAdminChangePassword" name="test_change_password_unknown_user" time="0.048" /><testcase classname="backend.tests.test_iteration2_admin_refresh.TestAdminChangePassword" name="test_change_password_too_short_returns_422" time="0.051" /><testcase classname="backend.tests.test_iteration2_admin_refresh.TestRefreshToken" name="test_refresh_no_token" time="0.048" /><testcase classname="backend.tests.test_iteration2_admin_refresh.TestRefreshToken" name="test_refresh_invalid_token" time="0.057" /><testcase classname="backend.tests.test_iteration2_admin_refresh.TestRefreshToken" name="test_refresh_returns_new_token_and_works" time="1.245" /><testcase classname="backend.tests.test_iteration2_admin_refresh.TestRefreshToken" name="test_admin_can_refresh" time="1.152" /><testcase classname="backend.tests.test_iteration2_admin_refresh.TestAdminCannotPutData" name="test_admin_put_data_forbidden" time="0.046" /><testcase classname="backend.tests.test_iteration2_admin_refresh.TestAdminCannotPutData" name="test_admin_can_get_data" time="0.049" /><testcase classname="backend.tests.test_iteration3_delete_and_self_pw.TestAdminDeleteUser" name="test_delete_user_removes_user_and_data_file" time="0.892" /><testcase classname="backend.tests.test_iteration3_delete_and_self_pw.TestAdminDeleteUser" name="test_delete_admin_self_forbidden_400" time="0.748" /><testcase classname="backend.tests.test_iteration3_delete_and_self_pw.TestAdminDeleteUser" name="test_delete_user_non_admin_forbidden" time="0.702" /><testcase classname="backend.tests.test_iteration3_delete_and_self_pw.TestAdminDeleteUser" name="test_delete_user_unknown_id_404" time="0.376" /><testcase classname="backend.tests.test_iteration3_delete_and_self_pw.TestAdminDeleteUser" name="test_delete_user_unauthenticated" time="0.048" /><testcase classname="backend.tests.test_iteration3_delete_and_self_pw.TestAdminSelfPassword" name="test_non_admin_cannot_change_admin_self_pw" time="0.374" /><testcase classname="backend.tests.test_iteration3_delete_and_self_pw.TestAdminSelfPassword" name="test_unauthenticated_cannot_change_admin_self_pw" time="0.044" /><testcase classname="backend.tests.test_iteration3_delete_and_self_pw.TestAdminSelfPassword" name="test_new_password_too_short_returns_422" time="0.374" /><testcase classname="backend.tests.test_iteration3_delete_and_self_pw.TestAdminSelfPassword" name="test_admin_self_password_change_and_restore" time="2.359" /></testsuite></testsuites>