<?xml version="1.0" encoding="utf-8"?><testsuites name="pytest tests"><testsuite name="pytest" errors="0" failures="0" skipped="0" tests="9" time="6.422" timestamp="2026-06-07T08:06:43.140836+00:00" hostname="agent-env-ddbd7a1a-c084-4584-a932-028489f18257"><testcase classname="backend.tests.test_iteration3_delete_and_self_pw.TestAdminDeleteUser" name="test_delete_user_removes_user_and_data_file" time="1.043" /><testcase classname="backend.tests.test_iteration3_delete_and_self_pw.TestAdminDeleteUser" name="test_delete_admin_self_forbidden_400" time="0.734" /><testcase classname="backend.tests.test_iteration3_delete_and_self_pw.TestAdminDeleteUser" name="test_delete_user_non_admin_forbidden" time="0.699" /><testcase classname="backend.tests.test_iteration3_delete_and_self_pw.TestAdminDeleteUser" name="test_delete_user_unknown_id_404" time="0.368" /><testcase classname="backend.tests.test_iteration3_delete_and_self_pw.TestAdminDeleteUser" name="test_delete_user_unauthenticated" time="0.045" /><testcase classname="backend.tests.test_iteration3_delete_and_self_pw.TestAdminSelfPassword" name="test_non_admin_cannot_change_admin_self_pw" time="0.373" /><testcase classname="backend.tests.test_iteration3_delete_and_self_pw.TestAdminSelfPassword" name="test_unauthenticated_cannot_change_admin_self_pw" time="0.047" /><testcase classname="backend.tests.test_iteration3_delete_and_self_pw.TestAdminSelfPassword" name="test_new_password_too_short_returns_422" time="0.376" /><testcase classname="backend.tests.test_iteration3_delete_and_self_pw.TestAdminSelfPassword" name="test_admin_self_password_change_and_restore" time="2.314" /></testsuite></testsuites>