<?xml version="1.0" encoding="utf-8"?><testsuites name="pytest tests"><testsuite name="pytest" errors="0" failures="0" skipped="0" tests="19" time="6.539" timestamp="2026-06-07T07:50:47.228916+00:00" hostname="agent-env-ddbd7a1a-c084-4584-a932-028489f18257"><testcase classname="backend.tests.test_iteration2_admin_refresh.TestAdminLogin" name="test_admin_login_is_admin_flag" time="0.527" /><testcase classname="backend.tests.test_iteration2_admin_refresh.TestAdminLogin" name="test_regular_user_is_not_admin" time="0.676" /><testcase classname="backend.tests.test_iteration2_admin_refresh.TestAdminUsersList" name="test_requires_auth" time="0.068" /><testcase classname="backend.tests.test_iteration2_admin_refresh.TestAdminUsersList" name="test_forbidden_for_regular_user" time="0.058" /><testcase classname="backend.tests.test_iteration2_admin_refresh.TestAdminUsersList" name="test_admin_list_users" time="0.057" /><testcase classname="backend.tests.test_iteration2_admin_refresh.TestAdminUsersList" name="test_admin_search_filter_username" time="0.057" /><testcase classname="backend.tests.test_iteration2_admin_refresh.TestAdminUsersList" name="test_admin_search_filter_email" time="0.062" /><testcase classname="backend.tests.test_iteration2_admin_refresh.TestAdminUsersList" name="test_admin_search_no_match" time="0.065" /><testcase classname="backend.tests.test_iteration2_admin_refresh.TestAdminChangePassword" name="test_admin_changes_user_password_and_user_can_login" time="1.148" /><testcase classname="backend.tests.test_iteration2_admin_refresh.TestAdminChangePassword" name="test_regular_user_cannot_change_password" time="0.057" /><testcase classname="backend.tests.test_iteration2_admin_refresh.TestAdminChangePassword" name="test_admin_cannot_change_own_password" time="0.446" /><testcase classname="backend.tests.test_iteration2_admin_refresh.TestAdminChangePassword" name="test_change_password_unknown_user" time="0.073" /><testcase classname="backend.tests.test_iteration2_admin_refresh.TestAdminChangePassword" name="test_change_password_too_short_returns_422" time="0.061" /><testcase classname="backend.tests.test_iteration2_admin_refresh.TestRefreshToken" name="test_refresh_no_token" time="0.057" /><testcase classname="backend.tests.test_iteration2_admin_refresh.TestRefreshToken" name="test_refresh_invalid_token" time="0.059" /><testcase classname="backend.tests.test_iteration2_admin_refresh.TestRefreshToken" name="test_refresh_returns_new_token_and_works" time="1.266" /><testcase classname="backend.tests.test_iteration2_admin_refresh.TestRefreshToken" name="test_admin_can_refresh" time="1.157" /><testcase classname="backend.tests.test_iteration2_admin_refresh.TestAdminCannotPutData" name="test_admin_put_data_forbidden" time="0.057" /><testcase classname="backend.tests.test_iteration2_admin_refresh.TestAdminCannotPutData" name="test_admin_can_get_data" time="0.087" /></testsuite></testsuites>