<?xml version="1.0" encoding="utf-8"?><testsuites name="pytest tests"><testsuite name="pytest" errors="0" failures="0" skipped="0" tests="19" time="3.169" timestamp="2026-06-07T07:11:08.160213+00:00" hostname="agent-env-ddbd7a1a-c084-4584-a932-028489f18257"><testcase classname="backend.tests.test_dompetku_backend.TestHealth" name="test_root_api" time="0.311" /><testcase classname="backend.tests.test_dompetku_backend.TestRegister" name="test_register_success" time="0.673" /><testcase classname="backend.tests.test_dompetku_backend.TestRegister" name="test_register_duplicate_username" time="0.048" /><testcase classname="backend.tests.test_dompetku_backend.TestRegister" name="test_register_duplicate_email" time="0.047" /><testcase classname="backend.tests.test_dompetku_backend.TestRegister" name="test_register_short_username" time="0.045" /><testcase classname="backend.tests.test_dompetku_backend.TestRegister" name="test_register_short_password" time="0.043" /><testcase classname="backend.tests.test_dompetku_backend.TestLogin" name="test_login_with_username" time="0.336" /><testcase classname="backend.tests.test_dompetku_backend.TestLogin" name="test_login_with_email" time="0.334" /><testcase classname="backend.tests.test_dompetku_backend.TestLogin" name="test_login_wrong_password" time="0.339" /><testcase classname="backend.tests.test_dompetku_backend.TestLogin" name="test_login_unknown_user" time="0.042" /><testcase classname="backend.tests.test_dompetku_backend.TestAuthMe" name="test_me_valid" time="0.046" /><testcase classname="backend.tests.test_dompetku_backend.TestAuthMe" name="test_me_no_token" time="0.041" /><testcase classname="backend.tests.test_dompetku_backend.TestAuthMe" name="test_me_invalid_token" time="0.041" /><testcase classname="backend.tests.test_dompetku_backend.TestData" name="test_get_initial_empty" time="0.048" /><testcase classname="backend.tests.test_dompetku_backend.TestData" name="test_put_then_get_roundtrip" time="0.127" /><testcase classname="backend.tests.test_dompetku_backend.TestData" name="test_data_isolation" time="0.045" /><testcase classname="backend.tests.test_dompetku_backend.TestData" name="test_data_requires_auth" time="0.125" /><testcase classname="backend.tests.test_dompetku_backend.TestEncryptionAtRest" name="test_users_file_is_not_plaintext_json" time="0.001" /><testcase classname="backend.tests.test_dompetku_backend.TestEncryptionAtRest" name="test_user_data_file_is_not_plaintext" time="0.001" /></testsuite></testsuites>